[    0.000000] Initializing cgroup subsys cpuset
[    0.000000] Initializing cgroup subsys cpu
[    0.000000] Initializing cgroup subsys cpuacct
[    0.000000] Linux version 4.4.0-66-generic (buildd@lgw01-28) (gcc version 5.4.0 20160609 (Ubuntu 5.4.0-6ubuntu1~16.04.4) ) #87-Ubuntu SMP Fri Mar 3 15:29:05 UTC 2017 (Ubuntu 4.4.0-66.87-generic 4.4.44)
[    0.000000] Command line: BOOT_IMAGE=/boot/vmlinuz-4.4.0-66-generic root=LABEL=cloudimg-rootfs ro console=tty1 console=ttyS0
[    0.000000] KERNEL supported cpus:
[    0.000000]   Intel GenuineIntel
[    0.000000]   AMD AuthenticAMD
[    0.000000]   Centaur CentaurHauls
[    0.000000] x86/fpu: xstate_offset[2]:  576, xstate_sizes[2]:  256
[    0.000000] x86/fpu: Supporting XSAVE feature 0x01: 'x87 floating point registers'
[    0.000000] x86/fpu: Supporting XSAVE feature 0x02: 'SSE registers'
[    0.000000] x86/fpu: Supporting XSAVE feature 0x04: 'AVX registers'
[    0.000000] x86/fpu: Enabled xstate features 0x7, context size is 832 bytes, using 'standard' format.
[    0.000000] x86/fpu: Using 'lazy' FPU context switches.
[    0.000000] e820: BIOS-provided physical RAM map:
[    0.000000] BIOS-e820: [mem 0x0000000000000000-0x000000000009fbff] usable
[    0.000000] BIOS-e820: [mem 0x000000000009fc00-0x000000000009ffff] reserved
[    0.000000] BIOS-e820: [mem 0x00000000000f0000-0x00000000000fffff] reserved
[    0.000000] BIOS-e820: [mem 0x0000000000100000-0x000000001ffeffff] usable
[    0.000000] BIOS-e820: [mem 0x000000001fff0000-0x000000001fffffff] ACPI data
[    0.000000] BIOS-e820: [mem 0x00000000fec00000-0x00000000fec00fff] reserved
[    0.000000] BIOS-e820: [mem 0x00000000fee00000-0x00000000fee00fff] reserved
[    0.000000] BIOS-e820: [mem 0x00000000fffc0000-0x00000000ffffffff] reserved
[    0.000000] NX (Execute Disable) protection: active
[    0.000000] SMBIOS 2.5 present.
[    0.000000] Hypervisor detected: KVM
[    0.000000] e820: last_pfn = 0x1fff0 max_arch_pfn = 0x400000000
[    0.000000] MTRR: Disabled
[    0.000000] x86/PAT: MTRRs disabled, skipping PAT initialization too.
[    0.000000] x86/PAT: Configuration [0-7]: WB  WT  UC- UC  WB  WT  UC- UC  
[    0.000000] CPU MTRRs all blank - virtualized system.
[    0.000000] found SMP MP-table at [mem 0x0009fff0-0x0009ffff] mapped at [ffff88000009fff0]
[    0.000000] Scanning 1 areas for low memory corruption
[    0.000000] RAMDISK: [mem 0x1ed71000-0x1f801fff]
[    0.000000] ACPI: Early table checksum verification disabled
[    0.000000] ACPI: RSDP 0x00000000000E0000 000024 (v02 VBOX  )
[    0.000000] ACPI: XSDT 0x000000001FFF0030 00003C (v01 VBOX   VBOXXSDT 00000001 ASL  00000061)
[    0.000000] ACPI: FACP 0x000000001FFF00F0 0000F4 (v04 VBOX   VBOXFACP 00000001 ASL  00000061)
[    0.000000] ACPI: DSDT 0x000000001FFF0470 0021C8 (v02 VBOX   VBOXBIOS 00000002 INTL 20100528)
[    0.000000] ACPI: FACS 0x000000001FFF0200 000040
[    0.000000] ACPI: FACS 0x000000001FFF0200 000040
[    0.000000] ACPI: APIC 0x000000001FFF0240 000054 (v02 VBOX   VBOXAPIC 00000001 ASL  00000061)
[    0.000000] ACPI: SSDT 0x000000001FFF02A0 0001CC (v01 VBOX   VBOXCPUT 00000002 INTL 20100528)
[    0.000000] No NUMA configuration found
[    0.000000] Faking a node at [mem 0x0000000000000000-0x000000001ffeffff]
[    0.000000] NODE_DATA(0) allocated [mem 0x1ffeb000-0x1ffeffff]
[    0.000000] kvm-clock: Using msrs 4b564d01 and 4b564d00
[    0.000000] kvm-clock: cpu 0, msr 0:1ffe3001, primary cpu clock
[    0.000000] kvm-clock: using sched offset of 3312753066 cycles
[    0.000000] clocksource: kvm-clock: mask: 0xffffffffffffffff max_cycles: 0x1cd42e4dffb, max_idle_ns: 881590591483 ns
[    0.000000] Zone ranges:
[    0.000000]   DMA      [mem 0x0000000000001000-0x0000000000ffffff]
[    0.000000]   DMA32    [mem 0x0000000001000000-0x000000001ffeffff]
[    0.000000]   Normal   empty
[    0.000000]   Device   empty
[    0.000000] Movable zone start for each node
[    0.000000] Early memory node ranges
[    0.000000]   node   0: [mem 0x0000000000001000-0x000000000009efff]
[    0.000000]   node   0: [mem 0x0000000000100000-0x000000001ffeffff]
[    0.000000] Initmem setup node 0 [mem 0x0000000000001000-0x000000001ffeffff]
[    0.000000] ACPI: PM-Timer IO Port: 0x4008
[    0.000000] IOAPIC[0]: apic_id 1, version 32, address 0xfec00000, GSI 0-23
[    0.000000] ACPI: INT_SRC_OVR (bus 0 bus_irq 0 global_irq 2 dfl dfl)
[    0.000000] ACPI: INT_SRC_OVR (bus 0 bus_irq 9 global_irq 9 high level)
[    0.000000] Using ACPI (MADT) for SMP configuration information
[    0.000000] smpboot: Allowing 1 CPUs, 0 hotplug CPUs
[    0.000000] PM: Registered nosave memory: [mem 0x00000000-0x00000fff]
[    0.000000] PM: Registered nosave memory: [mem 0x0009f000-0x0009ffff]
[    0.000000] PM: Registered nosave memory: [mem 0x000a0000-0x000effff]
[    0.000000] PM: Registered nosave memory: [mem 0x000f0000-0x000fffff]
[    0.000000] e820: [mem 0x20000000-0xfebfffff] available for PCI devices
[    0.000000] Booting paravirtualized kernel on KVM
[    0.000000] clocksource: refined-jiffies: mask: 0xffffffff max_cycles: 0xffffffff, max_idle_ns: 7645519600211568 ns
[    0.000000] setup_percpu: NR_CPUS:512 nr_cpumask_bits:512 nr_cpu_ids:1 nr_node_ids:1
[    0.000000] PERCPU: Embedded 33 pages/cpu @ffff88001fc00000 s98264 r8192 d28712 u2097152
[    0.000000] PV qspinlock hash table entries: 256 (order: 0, 4096 bytes)
[    0.000000] Built 1 zonelists in Node order, mobility grouping on.  Total pages: 128889
[    0.000000] Policy zone: DMA32
[    0.000000] Kernel command line: BOOT_IMAGE=/boot/vmlinuz-4.4.0-66-generic root=LABEL=cloudimg-rootfs ro console=tty1 console=ttyS0
[    0.000000] PID hash table entries: 2048 (order: 2, 16384 bytes)
[    0.000000] Memory: 485808K/523832K available (8452K kernel code, 1293K rwdata, 3980K rodata, 1488K init, 1316K bss, 38024K reserved, 0K cma-reserved)
[    0.000000] SLUB: HWalign=64, Order=0-3, MinObjects=0, CPUs=1, Nodes=1
[    0.000000] Hierarchical RCU implementation.
[    0.000000] 	Build-time adjustment of leaf fanout to 64.
[    0.000000] 	RCU restricting CPUs from NR_CPUS=512 to nr_cpu_ids=1.
[    0.000000] RCU: Adjusting geometry for rcu_fanout_leaf=64, nr_cpu_ids=1
[    0.000000] NR_IRQS:33024 nr_irqs:256 16
[    0.000000] Console: colour VGA+ 80x25
[    0.000000] console [tty1] enabled
[    0.000000] console [ttyS0] enabled
[    0.000000] tsc: Detected 2394.458 MHz processor
[    0.211912] Calibrating delay loop (skipped) preset value.. 4788.91 BogoMIPS (lpj=9577832)
[    0.213622] pid_max: default: 32768 minimum: 301
[    0.214550] ACPI: Core revision 20150930
[    0.216314] ACPI: 2 ACPI AML tables successfully acquired and loaded
[    0.217577] Security Framework initialized
[    0.218410] Yama: becoming mindful.
[    0.219148] AppArmor: AppArmor initialized
[    0.224035] Dentry cache hash table entries: 65536 (order: 7, 524288 bytes)
[    0.225327] Inode-cache hash table entries: 32768 (order: 6, 262144 bytes)
[    0.226567] Mount-cache hash table entries: 1024 (order: 1, 8192 bytes)
[    0.227734] Mountpoint-cache hash table entries: 1024 (order: 1, 8192 bytes)
[    0.229152] Initializing cgroup subsys io
[    0.229959] Initializing cgroup subsys memory
[    0.230809] Initializing cgroup subsys devices
[    0.231818] Initializing cgroup subsys freezer
[    0.232737] Initializing cgroup subsys net_cls
[    0.233620] Initializing cgroup subsys perf_event
[    0.234732] Initializing cgroup subsys net_prio
[    0.235860] Initializing cgroup subsys hugetlb
[    0.236932] Initializing cgroup subsys pids
[    0.238061] CPU: Physical Processor ID: 0
[    0.240058] mce: CPU supports 0 MCE banks
[    0.241078] process: using mwait in idle threads
[    0.242211] Last level iTLB entries: 4KB 64, 2MB 8, 4MB 8
[    0.243266] Last level dTLB entries: 4KB 64, 2MB 0, 4MB 0, 1GB 4
[    0.260086] Freeing SMP alternatives memory: 32K (ffffffff820b9000 - ffffffff820c1000)
[    0.272016] ftrace: allocating 32123 entries in 126 pages
[    0.316464] smpboot: APIC(0) Converting physical 0 to logical package 0
[    0.326920] smpboot: Max logical packages: 1
[    0.331289] x2apic enabled
[    0.334163] Switched APIC routing to physical x2apic.
[    0.336404] ..TIMER: vector=0x30 apic1=0 pin1=2 apic2=-1 pin2=-1
[    0.443472] smpboot: CPU0: Intel(R) Core(TM) i7-5500U CPU @ 2.40GHz (family: 0x6, model: 0x3d, stepping: 0x4)
[    0.448713] Performance Events: unsupported p6 CPU model 61 no PMU driver, software events only.
[    0.450717] KVM setup paravirtual spinlock
[    0.452133] x86: Booted up 1 node, 1 CPUs
[    0.452948] smpboot: Total of 1 processors activated (4788.91 BogoMIPS)
[    0.454622] devtmpfs: initialized
[    0.456628] evm: security.selinux
[    0.457332] evm: security.SMACK64
[    0.458033] evm: security.SMACK64EXEC
[    0.458785] evm: security.SMACK64TRANSMUTE
[    0.459599] evm: security.SMACK64MMAP
[    0.460389] evm: security.ima
[    0.461043] evm: security.capability
[    0.461878] clocksource: jiffies: mask: 0xffffffff max_cycles: 0xffffffff, max_idle_ns: 7645041785100000 ns
[    0.463732] pinctrl core: initialized pinctrl subsystem
[    0.464876] RTC time: 17:02:34, date: 06/04/17
[    0.466060] NET: Registered protocol family 16
[    0.469012] cpuidle: using governor ladder
[    0.469848] cpuidle: using governor menu
[    0.470843] PCCT header not found.
[    0.471851] ACPI: bus type PCI registered
[    0.472865] acpiphp: ACPI Hot Plug PCI Controller Driver version: 0.5
[    0.474363] PCI: Using configuration type 1 for base access
[    0.476834] ACPI: Added _OSI(Module Device)
[    0.477686] ACPI: Added _OSI(Processor Device)
[    0.478562] ACPI: Added _OSI(3.0 _SCP Extensions)
[    0.481425] ACPI: Added _OSI(Processor Aggregator Device)
[    0.484884] ACPI: Executed 1 blocks of module-level executable AML code
[    0.489816] ACPI: Interpreter enabled
[    0.492509] ACPI: (supports S0 S5)
[    0.494448] ACPI: Using IOAPIC for interrupt routing
[    0.495571] PCI: Using host bridge windows from ACPI; if necessary, use "pci=nocrs" and report a bug
[    0.502623] ACPI: PCI Root Bridge [PCI0] (domain 0000 [bus 00-ff])
[    0.505634] acpi PNP0A03:00: _OSC: OS supports [ASPM ClockPM Segments MSI]
[    0.506897] acpi PNP0A03:00: _OSC failed (AE_NOT_FOUND); disabling ASPM
[    0.508094] acpi PNP0A03:00: fail to add MMCONFIG information, can't access extended PCI configuration space under this bridge.
[    0.510884] PCI host bridge to bus 0000:00
[    0.511779] pci_bus 0000:00: root bus resource [io  0x0000-0x0cf7 window]
[    0.514576] pci_bus 0000:00: root bus resource [io  0x0d00-0xffff window]
[    0.517331] pci_bus 0000:00: root bus resource [mem 0x000a0000-0x000bffff window]
[    0.518800] pci_bus 0000:00: root bus resource [mem 0x20000000-0xffdfffff window]
[    0.520373] pci_bus 0000:00: root bus resource [bus 00-ff]
[    0.522932] pci 0000:00:01.1: legacy IDE quirk: reg 0x10: [io  0x01f0-0x01f7]
[    0.526422] pci 0000:00:01.1: legacy IDE quirk: reg 0x14: [io  0x03f6]
[    0.529817] pci 0000:00:01.1: legacy IDE quirk: reg 0x18: [io  0x0170-0x0177]
[    0.531383] pci 0000:00:01.1: legacy IDE quirk: reg 0x1c: [io  0x0376]
[    0.544249] pci 0000:00:07.0: quirk: [io  0x4000-0x403f] claimed by PIIX4 ACPI
[    0.549421] pci 0000:00:07.0: quirk: [io  0x4100-0x410f] claimed by PIIX4 SMB
[    0.557933] ACPI: PCI Interrupt Link [LNKA] (IRQs 5 9 10 *11)
[    0.562587] ACPI: PCI Interrupt Link [LNKB] (IRQs 5 9 10 *11)
[    0.566277] ACPI: PCI Interrupt Link [LNKC] (IRQs 5 9 *10 11)
[    0.568207] ACPI: PCI Interrupt Link [LNKD] (IRQs 5 *9 10 11)
[    0.578827] ACPI: Enabled 2 GPEs in block 00 to 07
[    0.581253] vgaarb: setting as boot device: PCI:0000:00:02.0
[    0.584286] vgaarb: device added: PCI:0000:00:02.0,decodes=io+mem,owns=io+mem,locks=none
[    0.586245] vgaarb: loaded
[    0.586979] vgaarb: bridge control possible 0000:00:02.0
[    0.588375] SCSI subsystem initialized
[    0.589339] ACPI: bus type USB registered
[    0.590286] usbcore: registered new interface driver usbfs
[    0.591399] usbcore: registered new interface driver hub
[    0.592645] usbcore: registered new device driver usb
[    0.596646] PCI: Using ACPI for IRQ routing
[    0.597712] NetLabel: Initializing
[    0.598430] NetLabel:  domain hash size = 128
[    0.599450] NetLabel:  protocols = UNLABELED CIPSOv4
[    0.600667] NetLabel:  unlabeled traffic allowed by default
[    0.602017] amd_nb: Cannot enumerate AMD northbridges
[    0.603232] clocksource: Switched to clocksource kvm-clock
[    0.620202] AppArmor: AppArmor Filesystem Enabled
[    0.629467] pnp: PnP ACPI init
[    0.630801] pnp: PnP ACPI: found 3 devices
[    0.644675] clocksource: acpi_pm: mask: 0xffffff max_cycles: 0xffffff, max_idle_ns: 2085701024 ns
[    0.655987] NET: Registered protocol family 2
[    0.657103] TCP established hash table entries: 4096 (order: 3, 32768 bytes)
[    0.659798] TCP bind hash table entries: 4096 (order: 4, 65536 bytes)
[    0.660953] TCP: Hash tables configured (established 4096 bind 4096)
[    0.662098] UDP hash table entries: 256 (order: 1, 8192 bytes)
[    0.666219] UDP-Lite hash table entries: 256 (order: 1, 8192 bytes)
[    0.669007] NET: Registered protocol family 1
[    0.669907] pci 0000:00:00.0: Limiting direct PCI/PCI transfers
[    0.670999] pci 0000:00:01.0: Activating ISA DMA hang workarounds
[    0.672245] Trying to unpack rootfs image as initramfs...
[    2.738530] Freeing initrd memory: 10820K (ffff88001ed71000 - ffff88001f802000)
[    2.742486] RAPL PMU detected, API unit is 2^-32 Joules, 4 fixed counters 10737418240 ms ovfl timer
[    2.750218] hw unit of domain pp0-core 2^-0 Joules
[    2.756012] hw unit of domain package 2^-0 Joules
[    2.756969] hw unit of domain dram 2^-0 Joules
[    2.757877] hw unit of domain pp1-gpu 2^-0 Joules
[    2.758953] platform rtc_cmos: registered platform RTC device (no PNP device found)
[    2.771007] Scanning for low memory corruption every 60 seconds
[    2.772386] futex hash table entries: 256 (order: 2, 16384 bytes)
[    2.777964] audit: initializing netlink subsys (disabled)
[    2.783474] audit: type=2000 audit(1496595761.473:1): initialized
[    2.785172] Initialise system trusted keyring
[    2.788708] HugeTLB registered 2 MB page size, pre-allocated 0 pages
[    2.795112] zbud: loaded
[    2.801024] VFS: Disk quotas dquot_6.6.0
[    2.806508] VFS: Dquot-cache hash table entries: 512 (order 0, 4096 bytes)
[    2.822474] squashfs: version 4.0 (2009/01/31) Phillip Lougher
[    2.825388] fuse init (API version 7.23)
[    2.834173] Key type big_key registered
[    2.836244] Allocating IMA MOK and blacklist keyrings.
[    2.837388] Key type asymmetric registered
[    2.838230] Asymmetric key parser 'x509' registered
[    2.842203] Block layer SCSI generic (bsg) driver version 0.4 loaded (major 249)
[    2.845273] io scheduler noop registered
[    2.849726] io scheduler deadline registered (default)
[    2.853234] io scheduler cfq registered
[    2.854139] pci_hotplug: PCI Hot Plug PCI Core version: 0.5
[    2.861457] pciehp: PCI Express Hot Plug Controller Driver version: 0.4
[    2.864964] ACPI: AC Adapter [AC] (on-line)
[    2.867525] input: Power Button as /devices/LNXSYSTM:00/LNXPWRBN:00/input/input0
[    2.873895] ACPI: Power Button [PWRF]
[    2.876713] input: Sleep Button as /devices/LNXSYSTM:00/LNXSLPBN:00/input/input1
[    2.880121] ACPI: Sleep Button [SLPF]
[    2.882070] ACPI: Battery Slot [BAT0] (battery present)
[    2.887327] GHES: HEST is not enabled!
[    2.888500] Serial: 8250/16550 driver, 32 ports, IRQ sharing enabled
[    2.913717] 00:02: ttyS0 at I/O 0x3f8 (irq = 4, base_baud = 115200) is a 16550A
[    2.922820] Linux agpgart interface v0.103
[    2.928304] brd: module loaded
[    2.933259] loop: module loaded
[    2.936608] scsi host0: ata_piix
[    2.939964] scsi host1: ata_piix
[    2.940933] ata1: PATA max UDMA/33 cmd 0x1f0 ctl 0x3f6 bmdma 0xd000 irq 14
[    2.942945] ata2: PATA max UDMA/33 cmd 0x170 ctl 0x376 bmdma 0xd008 irq 15
[    2.945471] libphy: Fixed MDIO Bus: probed
[    2.946482] tun: Universal TUN/TAP device driver, 1.6
[    2.949101] tun: (C) 1999-2004 Max Krasnyansky <maxk@qualcomm.com>
[    2.956344] PPP generic driver version 2.4.2
[    2.957465] ehci_hcd: USB 2.0 'Enhanced' Host Controller (EHCI) Driver
[    2.961535] ehci-pci: EHCI PCI platform driver
[    2.962624] ehci-platform: EHCI generic platform driver
[    2.963852] ohci_hcd: USB 1.1 'Open' Host Controller (OHCI) Driver
[    2.965194] ohci-pci: OHCI PCI platform driver
[    2.969314] ohci-platform: OHCI generic platform driver
[    2.972435] uhci_hcd: USB Universal Host Controller Interface driver
[    2.976955] i8042: PNP: PS/2 Controller [PNP0303:PS2K,PNP0f03:PS2M] at 0x60,0x64 irq 1,12
[    2.981376] serio: i8042 KBD port at 0x60,0x64 irq 1
[    2.985548] serio: i8042 AUX port at 0x60,0x64 irq 12
[    2.988963] mousedev: PS/2 mouse device common for all mice
[    2.997881] input: AT Translated Set 2 keyboard as /devices/platform/i8042/serio0/input/input2
[    3.003840] rtc_cmos rtc_cmos: rtc core: registered rtc_cmos as rtc0
[    3.007805] rtc_cmos rtc_cmos: alarms up to one day, 114 bytes nvram
[    3.011490] i2c /dev entries driver
[    3.012351] device-mapper: uevent: version 1.0.3
[    3.014649] device-mapper: ioctl: 4.34.0-ioctl (2015-10-28) initialised: dm-devel@redhat.com
[    3.018034] ledtrig-cpu: registered to indicate activity on CPUs
[    3.021625] NET: Registered protocol family 10
[    3.025119] NET: Registered protocol family 17
[    3.028851] Key type dns_resolver registered
[    3.031626] microcode: CPU0 sig=0x306d4, pf=0x40, revision=0x0
[    3.033111] microcode: Microcode Update Driver: v2.01 <tigran@aivazian.fsnet.co.uk>, Peter Oruba
[    3.036769] registered taskstats version 1
[    3.037604] Loading compiled-in X.509 certificates
[    3.042473] Loaded X.509 cert 'Build time autogenerated kernel key: 32ca4feee90b5cde51f5f8c0e024b22f8c679982'
[    3.044558] zswap: loaded using pool lzo/zbud
[    3.047217] Key type trusted registered
[    3.052030] Key type encrypted registered
[    3.055558] AppArmor: AppArmor sha1 policy hashing enabled
[    3.060250] ima: No TPM chip found, activating TPM-bypass!
[    3.061298] evm: HMAC attrs: 0x1
[    3.062272]   Magic number: 5:65:36
[    3.065222] bdi 7:1: hash matches
[    3.067772] misc loop-control: hash matches
[    3.069740] rtc_cmos rtc_cmos: setting system clock to 2017-06-04 17:02:37 UTC (1496595757)
[    3.073547] BIOS EDD facility v0.16 2004-Jun-25, 0 devices found
[    3.074922] EDD information not available.
[    3.100400] Freeing unused kernel memory: 1488K (ffffffff81f45000 - ffffffff820b9000)
[    3.105180] Write protecting the kernel read-only data: 14336k
[    3.108251] Freeing unused kernel memory: 1776K (ffff880001844000 - ffff880001a00000)
[    3.116866] Freeing unused kernel memory: 116K (ffff880001de3000 - ffff880001e00000)
Loading, please wait...
starting version[    3.135942] random: udevadm: uninitialized urandom read (16 bytes read, 3 bits of entropy available)
 229
[    3.142250] random: systemd-udevd: uninitialized urandom read (16 bytes read, 3 bits of entropy available)
[    3.146319] random: systemd-udevd: uninitialized urandom read (16 bytes read, 3 bits of entropy available)
[    3.151152] random: udevadm: uninitialized urandom read (16 bytes read, 3 bits of entropy available)
[    3.157795] random: systemd-udevd: uninitialized urandom read (16 bytes read, 3 bits of entropy available)
[    3.163917] random: systemd-udevd: uninitialized urandom read (16 bytes read, 3 bits of entropy available)
[    3.169629] random: udevadm: uninitialized urandom read (16 bytes read, 3 bits of entropy available)
[    3.173642] random: udevadm: uninitialized urandom read (16 bytes read, 3 bits of entropy available)
[    3.178609] random: udevadm: uninitialized urandom read (16 bytes read, 3 bits of entropy available)
[    3.185351] random: udevadm: uninitialized urandom read (16 bytes read, 3 bits of entropy available)
[    3.233609] e1000: Intel(R) PRO/1000 Network Driver - version 7.3.21-k8-NAPI
[    3.237091] e1000: Copyright (c) 1999-2006 Intel Corporation.
[    3.243046] Fusion MPT base driver 3.04.20
[    3.245233] Copyright (c) 1999-2008 LSI Corporation
[    3.278639] AVX version of gcm_enc/dec engaged.
[    3.287287] AES CTR mode by8 optimization enabled
[    3.307748] Fusion MPT SPI Host driver 3.04.20
[    3.458707] input: ImExPS/2 Generic Explorer Mouse as /devices/platform/i8042/serio1/input/input4
[    3.704003] e1000 0000:00:03.0 eth0: (PCI:33MHz:32-bit) 02:2d:8f:cf:d6:cd
[    3.706496] e1000 0000:00:03.0 eth0: Intel(R) PRO/1000 Network Connection
[    3.710340] mptbase: ioc0: Initiating bringup
[    3.755373] tsc: Refined TSC clocksource calibration: 2395.850 MHz
[    3.774763] clocksource: tsc: mask: 0xffffffffffffffff max_cycles: 0x2288e74dca9, max_idle_ns: 440795284959 ns
[    3.799647] ioc0: LSI53C1030 A0: Capabilities={Initiator}
[    3.964434] scsi host2: ioc0: LSI53C1030 A0, FwRev=00000000h, Ports=1, MaxQ=256, IRQ=20
[    4.081004] scsi 2:0:0:0: Direct-Access     VBOX     HARDDISK         1.0  PQ: 0 ANSI: 5
[    4.089739] scsi target2:0:0: Beginning Domain Validation
[    4.102964] scsi target2:0:0: Domain Validation skipping write tests
[    4.110493] scsi target2:0:0: Ending Domain Validation
[    4.131015] scsi target2:0:0: asynchronous
[    4.157604] scsi 2:0:1:0: Direct-Access     VBOX     HARDDISK         1.0  PQ: 0 ANSI: 5
[    4.170105] scsi target2:0:1: Beginning Domain Validation
[    4.233044] scsi target2:0:1: Domain Validation skipping write tests
[    4.239212] scsi target2:0:1: Ending Domain Validation
[    4.252717] scsi target2:0:1: asynchronous
[    4.376151] sd 2:0:0:0: Attached scsi generic sg0 type 0
[    4.381290] sd 2:0:0:0: [sda] 20971520 512-byte logical blocks: (10.7 GB/10.0 GiB)
[    4.382914] sd 2:0:0:0: [sda] Write Protect is off
[    4.388460] sd 2:0:0:0: [sda] Incomplete mode parameter data
[    4.390931] sd 2:0:0:0: [sda] Assuming drive cache: write through
[    4.392492] sd 2:0:1:0: [sdb] 20480 512-byte logical blocks: (10.5 MB/10.0 MiB)
[    4.397818] sd 2:0:1:0: Attached scsi generic sg1 type 0
[    4.404164] sd 2:0:1:0: [sdb] Write Protect is off
[    4.412027]  sda: sda1
[    4.427647] sd 2:0:0:0: [sda] Attached SCSI disk
[    4.430069] sd 2:0:1:0: [sdb] Incomplete mode parameter data
[    4.431160] sd 2:0:1:0: [sdb] Assuming drive cache: write through
[    4.476592] sd 2:0:1:0: [sdb] Attached SCSI disk
[    4.527483] e1000 0000:00:08.0 eth1: (PCI:33MHz:32-bit) 08:00:27:e0:e1:a4
[    4.530548] e1000 0000:00:08.0 eth1: Intel(R) PRO/1000 Network Connection
[    4.532502] e1000 0000:00:08.0 enp0s8: renamed from eth1
[    4.537170] e1000 0000:00:03.0 enp0s3: renamed from eth0
[    6.291783] floppy0: no floppy controllers found
Begin: Loading e[    7.613768] md: linear personality registered for level -1
ssential drivers ... [    7.618535] md: multipath personality registered for level -4
[    7.623947] md: raid0 personality registered for level 0
[    7.629185] md: raid1 personality registered for level 1
[    7.707596] raid6: sse2x1   gen()  8347 MB/s
[    7.779375] raid6: sse2x1   xor()  5709 MB/s
[    7.851583] raid6: sse2x2   gen() 10165 MB/s
[    7.927565] raid6: sse2x2   xor()  6777 MB/s
[    7.995662] raid6: sse2x4   gen() 11047 MB/s
[    8.067418] raid6: sse2x4   xor()  8028 MB/s
[    8.077093] raid6: using algorithm sse2x4 gen() 11047 MB/s
[    8.080213] raid6: .... xor() 8028 MB/s, rmw enabled
[    8.081189] raid6: using ssse3x2 recovery algorithm
[    8.083828] xor: automatically using best checksumming function:
[    8.131243]    avx       : 18449.000 MB/sec
[    8.135073] async_tx: api initialized (async)
[    8.147754] md: raid6 personality registered for level 6
[    8.151091] md: raid5 personality registered for level 5
[    8.152327] md: raid4 personality registered for level 4
[    8.158054] md: raid10 personality registered for level 10
done.
Begin: Running /scripts/init-premount ... done.
Begin: Mounting root file system ... Begin: Running /scripts/local-top ... done.
Begin: Running /scripts/local-premount ... [    8.195472] Btrfs loaded
Scanning for Btrfs filesystems
done.
Warning: fsck no[    8.244371] EXT4-fs (sda1): mounted filesystem with ordered data mode. Opts: (null)
t present, so skipping root file system
done.
Begin: Running /scripts/local-bottom ... done.
Begin: Running /scripts/init-bottom ... done.
[    8.360192] systemd[1]: systemd 229 running in system mode. (+PAM +AUDIT +SELINUX +IMA +APPARMOR +SMACK +SYSVINIT +UTMP +LIBCRYPTSETUP +GCRYPT +GNUTLS +ACL +XZ -LZ4 +SECCOMP +BLKID +ELFUTILS +KMOD -IDN)
[    8.374124] systemd[1]: Detected virtualization oracle.
[    8.376780] systemd[1]: Detected architecture x86-64.

Welcome to [1mUbuntu 16.04.2 LTS[0m!

[    8.387379] systemd[1]: Set hostname to <ubuntu>.
[    8.394015] systemd[1]: Initializing machine ID from random generator.
[    8.396602] systemd[1]: Installed transient /etc/machine-id file.
[    8.553504] systemd[1]: Set up automount Arbitrary Executable File Formats File System Automount Point.
[[0;32m  OK  [0m] Set up automount Arbitrary Executab...ats File System Automount Point.
[    8.568092] systemd[1]: Created slice User and Session Slice.
[[0;32m  OK  [0m] Created slice User and Session Slice.
[    8.572982] systemd[1]: Listening on LVM2 metadata daemon socket.
[[0;32m  OK  [0m] Listening on LVM2 metadata daemon socket.
[    8.577371] systemd[1]: Listening on Syslog Socket.
[[0;32m  OK  [0m] Listening on Syslog Socket.
[    8.580062] systemd[1]: Listening on Device-mapper event daemon FIFOs.
[[0;32m  OK  [0m] Listening on Device-mapper event daemon FIFOs.
[    8.583226] systemd[1]: Listening on udev Kernel Socket.
[[0;32m  OK  [0m] Listening on udev Kernel Socket.
[    8.599174] systemd[1]: Started Forward Password Requests to Wall Directory Watch.
[[0;32m  OK  [0m] Started Forward Password Requests to Wall Directory Watch.
[    8.602252] systemd[1]: Reached target Encrypted Volumes.
[[0;32m  OK  [0m] Reached target Encrypted Volumes.
[    8.622364] systemd[1]: Listening on Journal Audit Socket.
[[0;32m  OK  [0m] Listening on Journal Audit Socket.
[    8.630652] systemd[1]: Listening on Journal Socket (/dev/log).
[[0;32m  OK  [0m] Listening on Journal Socket (/dev/log).
[    8.633675] systemd[1]: Listening on LVM2 poll daemon socket.
[[0;32m  OK  [0m] Listening on LVM2 poll daemon socket.
[    8.636078] systemd[1]: Created slice System Slice.
[[0;32m  OK  [0m] Created slice System Slice.
[    8.638134] systemd[1]: Created slice system-serial\x2dgetty.slice.
[[0;32m  OK  [0m] Created slice system-serial\x2dgetty.slice.
[    8.640388] systemd[1]: Listening on udev Control Socket.
[[0;32m  OK  [0m] Listening on udev Control Socket.
[    8.642318] systemd[1]: Reached target Slices.
[[0;32m  OK  [0m] Reached target Slices.
[    8.644123] systemd[1]: Listening on /dev/initctl Compatibility Named Pipe.
[[0;32m  OK  [0m] Listening on /dev/initctl Compatibility Named Pipe.
[    8.655987] systemd[1]: Reached target Swap.
[[0;32m  OK  [0m] Reached target Swap.
[    8.664817] systemd[1]: Listening on Journal Socket.
[[0;32m  OK  [0m] Listening on Journal Socket.
[    8.694604] systemd[1]: Starting Uncomplicated firewall...
         Starting Uncomplicated firewall...
[    8.701030] systemd[1]: Starting Load Kernel Modules...
         Starting Load Kernel Modules...
[    8.713714] Loading iSCSI transport class v2.0-870.
[    8.717623] systemd[1]: Mounting Debug File System...
         Mounting Debug File System...
[    8.723268] systemd[1]: Starting Create list of required static device nodes for the current kernel...
         Starting Create [    8.736217] iscsi: registered transport (tcp)
list of required st... nodes for the current kernel...
[    8.741778] systemd[1]: Starting Journal Service...
         Starting Journal Service...
[    8.755692] systemd[1]: Mounting Huge Pages File System...
         Mounting Huge Pages File System...
[    8.764841] systemd[1]: Mounting POSIX Message Queue File System...
         Mounting POSIX Message Queue File System...
[    8.801236] systemd[1]: Starting Remount Root and Kernel File Systems...
         Starting Remount[    8.827916] EXT4-fs (sda1): re-mounted. Opts: (null)
 Root and Kernel File Systems...
[    8.838888] systemd[1]: Starting Nameserver information manager...
         [    8.848072] iscsi: registered transport (iser)
Starting Nameserver information manager...
[    8.868613] systemd[1]: Starting Monitoring of LVM2 mirrors, snapshots etc. using dmeventd or progress polling...
         Starting Monitoring of LVM2 mirr[    8.891672] random: nonblocking pool is initialized
ors... dmeventd or progress polling...
[    8.898005] systemd[1]: Reached target User and Group Name Lookups.
[[0;32m  OK  [0m] Reached target User and Group Name Lookups.
[    8.914003] systemd[1]: Starting Set console keymap...
         Starting Set console keymap...
[    8.931292] systemd[1]: Mounted POSIX Message Queue File System.
[[0;32m  OK  [0m] Mounted POSIX Message Queue File System.
[    8.945727] systemd[1]: Mounted Huge Pages File System.
[[0;32m  OK  [0m] Mounted Huge Pages File System.
[    8.954528] systemd[1]: Mounted Debug File System.
[[0;32m  OK  [0m] Mounted Debug File System.
[    8.968083] systemd[1]: Started Journal Service.
[[0;32m  OK  [0m] Started Journal Service.
[[0;32m  OK  [0m] Started Uncomplicated firewall.
[[0;32m  OK  [0m] Started Load Kernel Modules.
[[0;32m  OK  [0m] Started Create list of required sta...ce nodes for the current kernel.
[[0;32m  OK  [0m] Started Remount Root and Kernel File Systems.
[[0;32m  OK  [0m] Started Set console keymap.
[[0;32m  OK  [0m] Started Nameserver information manager.
[[0;32m  OK  [0m] Started LVM2 metadata daemon.
         Starting Load/Save Random Seed...
         Starting udev Coldplug all Devices...
         Starting Initial cloud-init job (pre-networking)...
         Starting Create Static Device Nodes in /dev...
         Mounting FUSE Control File System...
         Starting Apply Kernel Variables...
         Starting Flush Journal to Persistent Storage...
[[0;32m  OK  [0m] Mounted FUSE Control File System.
[[0;32m  OK  [0m] Started Load/Save Random Seed.
[[0;32m  OK  [0m] Started Create Static Device Nodes in /dev.
[[0;32m  OK  [0m] Started Apply Kernel Variables.
         Starting udev Kernel Device Manager...
[[0;32m  OK  [0m] Started Flush Journal to Persistent Storage.
[[0;32m  OK  [0m] Started udev Coldplug all Devices.
[[0;32m  OK  [0m] Started udev Kernel Device Manager.
[[0;32m  OK  [0m] Started Dispatch Password Requests to Console Directory Watch.
[[0;32m  OK  [0m] Started Monitoring of LVM2 mirrors,...ng dmeventd or progress polling.
[[0;32m  OK  [0m] Reached target Local File Systems (Pre).
[[0;32m  OK  [0m] Reached target Local File Systems.
         Starting LSB: AppArmor initialization...
         Starting Set console font and keymap...
         Starting Tell Plymouth To Write Out Runtime Data...
         Starting Commit a transient machine-id on disk...
         Starting Create Volatile Files and Directories...
[[0;32m  OK  [0m] Started Commit a transient machine-id on disk.
[[0;32m  OK  [0m] Started Tell Plymouth To Write Out Runtime Data.
[[0;32m  OK  [0m] Started Create Volatile Files and Directories.
[[0;32m  OK  [0m] Reached target System Time Synchronized.
         Starting Update UTMP about System Boot/Shutdown...
[[0;32m  OK  [0m] Started Update UTMP about System Boot/Shutdown.
[[0;32m  OK  [0m] Found device /dev/ttyS0.
[[0;32m  OK  [0m] Started Set console font and keymap.
[[0;32m  OK  [0m] Created slice system-getty.slice.
[   11.322155] cloud-init[486]: Cloud-init v. 0.7.9 running 'init-local' at Sun, 04 Jun 2017 17:02:45 +0000. Up 10.61 seconds.
[[0;32m  OK  [0m] Started Initial cloud-init job (pre-networking).
[[0;32m  OK  [0m] Reached target Network (Pre).
[[0;32m  OK  [0m] Listening on Load/Save RF Kill Switch Status /dev/rfkill Watch.
[[0;32m  OK  [0m] Started LSB: AppArmor initialization.
         Starting Raise network interfaces...
[[0;32m  OK  [0m] Started Raise network interfaces.
         Starting Initial cloud-init job (metadata service crawler)...
[[0;32m  OK  [0m] Reached target Network.
[   13.369709] cloud-init[1061]: Cloud-init v. 0.7.9 running 'init' at Sun, 04 Jun 2017 17:02:47 +0000. Up 12.83 seconds.
[   13.375257] cloud-init[1061]: ci-info: ++++++++++++++++++++++++++++++++++++++Net device info++++++++++++++++++++++++++++++++++++++
[   13.378516] cloud-init[1061]: ci-info: +--------+-------+----------------------------+---------------+-------+-------------------+
[   13.384318] cloud-init[1061]: ci-info: | Device |   Up  |          Address           |      Mask     | Scope |     Hw-Address    |
[   13.388380] cloud-init[1061]: ci-info: +--------+-------+----------------------------+---------------+-------+-------------------+
[   13.432332] cloud-init[1061]: ci-info: |   lo   |  True |         127.0.0.1          |   255.0.0.0   |   .   |         .         |
[   13.459017] cloud-init[1061]: ci-info: |   lo   |  True |          ::1/128           |       .       |  host |         .         |
[[   13.476289] cloud-init[1061]: ci-info: | enp0s3 |  True |         10.0.2.15          | 255.255.255.0 |   .   | 02:2d:8f:cf:d6:cd |
[   13.476599] cloud-init[1061]: ci-info: | enp0s3 |  True | fe80::2d:8fff:fecf:d6cd/64 |       .       |  link | 02:2d:8f:cf:d6:cd |
[   13.476669] cloud-init[1061]: ci-info: | enp0s8 | False |             .              |       .       |   .   | 08:00:27:e0:e1:a4 |
[   13.476733] cloud-init[1061]: ci-info: +--------+-------+----------------------------+---------------+-------+-------------------+
[   13.476790] cloud-init[1061]: ci-info: +++++++++++++++++++++++++++Route IPv4 info++++++++++++++++++++++++++++
[   13.476847] cloud-init[1061]: ci-info: +-------+-------------+----------+---------------+-----------+-------+
[   13.476904] cloud-init[1061]: ci-info: | Route | Destination | Gateway  |    Genmask    | Interface | Flags |
[   13.476974] cloud-init[1061]: ci-info: +-------+-------------+----------+---------------+-----------+-------+
[   13.477032] cloud-init[1061]: ci-info: |   0   |   0.0.0.0   | 10.0.2.2 |    0.0.0.0    |   enp0s3  |   UG  |
[   13.477085] cloud-init[1061]: ci-info: |   1   |   10.0.2.0  | 0.0.0.0  | 255.255.255.0 |   enp0s3  |   U   |
[   13.477137] cloud-init[1061]: ci-info: +-------+-------------+----------+---------------+-----------+-------+
[   13.477202] cloud-init[1061]: Generating public/private rsa key pair.
[   13.477260] cloud-init[1061]: Your identification has been saved in /etc/ssh/ssh_host_rsa_key.
[   13.477314] cloud-init[1061]: Your public key has been saved in /etc/ssh/ssh_host_rsa_key.pub.
[   13.477366] cloud-init[1061]: The key fingerprint is:
[   13.477419] cloud-init[1061]: SHA256:97uWxpuaxtAR3Jo29LksAwXD5TWVPt6BIy7EgtHWWso root@ubuntu-xenial
[   13.477471] cloud-init[1061]: The key's randomart image is:
[   13.477523] cloud-init[1061]: +---[RSA 2048]----+
[   13.477574] cloud-init[1061]: |      ..++..o... |
[   13.477639] cloud-init[1061]: |     . o.==....  |
[   13.477699] cloud-init[1061]: |      = =o.= o.  |
[   13.477752] cloud-init[1061]: |     . E.o*.ooo. |
[   13.477803] cloud-init[1061]: |        S+o+.o.o.|
[   13.477855] cloud-init[1061]: |        .o+oo . .|
[   13.477905] cloud-init[1061]: |         o.+..   |
[   13.478013] cloud-init[1061]: |          o.=o   |
[   13.478068] cloud-init[1061]: |         .o+=o   |
[   13.478120] cloud-init[1061]: +----[SHA256]-----+
[   13.478179] cloud-init[1061]: Generating public/private dsa key pair.
[   13.478235] cloud-init[1061]: Your identification has been saved in /etc/ssh/ssh_host_dsa_key.
[   13.478288] cloud-init[1061]: Your public key has been saved in /etc/ssh/ssh_host_dsa_key.pub.
[   13.478340] cloud-init[1061]: The key fingerprint is:
[   13.478393] cloud-init[1061]: SHA256:KTGJCKVcf3WXOPI0af8ipkg/RkM3CAzTKDZ3FQQGE+c root@ubuntu-xenial
[   13.478446] cloud-init[1061]: The key's randomart image is:
[   13.478500] cloud-init[1061]: +---[DSA 1024]----+
[   13.478554] cloud-init[1061]: |.... *B++=..o..  |
[   13.478606] cloud-init[1061]: |.o.=.+**...B..   |
[   13.478658] cloud-init[1061]: |..o =.=E. * +    |
[   13.478710] cloud-init[1061]: |      .o + + .   |
[   13.478762] cloud-init[1061]: |      . S . . .  |
[   13.478813] cloud-init[1061]: |       o o o . . |
[   13.478920] cloud-init[1061]: |      . + + . .  |
[   13.479029] cloud-init[1061]: |       . =       |
[   13.479121] cloud-init[1061]: |        . .      |
[   13.479216] cloud-init[1061]: +----[SHA256]-----+
[   13.479285] cloud-init[1061]: Generating public/private ecdsa key pair.
[   13.479338] cloud-init[1061]: Your identification has been saved in /etc/ssh/ssh_host_ecdsa_key.
[   13.479391] cloud-init[1061]: Your public key has been saved in /etc/ssh/ssh_host_ecdsa_key.pub.
[   13.479442] cloud-init[1061]: The key fingerprint is:
[   13.479494] cloud-init[1061]: SHA256:VvPWJ6yLGo3oz5egxlbAgNvbTmd9C7IrXk2lDjYrVns root@ubuntu-xenial
[   13.479546] cloud-init[1061]: The key's randomart image is:
[   13.479598] cloud-init[1061]: +---[ECDSA 256]---+
[   13.479655] cloud-init[1061]: [0;32m  OK  [0m] Started Initial cloud-init job (metadata service crawler).
[[0;32m  OK  [0m] Reached target Cloud-config availability.
[[0;32m  OK  [0m] Reached target Network is Online.
         Starting iSCSI initiator daemon (iscsid)...
[[0;32m  OK  [0m] Reached target System Initialization.
[[0;32m  OK  [0m] Started Trigger resolvconf update for networkd DNS.
         Starting LXD - unix socket.
[[0;32m  OK  [0m] Listening on UUID daemon activation socket.
[[0;32m  OK  [0m] Listening on D-Bus System Message Bus Socket.
[[0;32m  OK  [0m] Started Daily apt activities.
|   .             |
[[0;32m  OK  [0m] Started ACPI Events Check.
[[0;32m  OK  [0m] Reached target Paths.
[   14.087722] cloud-init[1061]: |  . .            |
[   14.109372] cloud-init[1061]: |   o o    o .    |
[   14.156552] cloud-init[1061]: |  . . o  . = o   |
[   14.184916] cloud-init[1061]: |     o .S.o o + .|
[   14.204690] cloud-init[1061]: |    . o=*@o... o |
         Starting Socket activation for snappy daemon.
[[0;32m  OK  [0m] Started Daily Cleanup of Temporary Directories.
[   14.230177] cloud-init[1061]: |     ++=*+E+..   |
[   14.299331] cloud-init[1061]: |     oB+.oo...   |
[[0;32m  OK  [0m] Listening on ACPID Listen Socket.
[[0;32m  OK  [0m] Started Timer to automatically refresh installed snaps.
[   14.303630] cloud-init[1061]: |     +oo=+. .    |
[   14.385150] cloud-init[1061]: +----[SHA256]-----+
[[0;32m  OK  [0m] Reached target Timers.
[   14.412120] cloud-init[1061]: Generating public/private ed25519 key pair.
[[0;32m  OK  [0m] [   14.468254] cloud-init[1061]: Your identification has been saved in /etc/ssh/ssh_host_ed25519_key.
[   14.468525] cloud-init[1061]: Your public key has been saved in /etc/ssh/ssh_host_ed25519_key.pub.
[   14.468562] cloud-init[1061]: The key fingerprint is:
[   14.468599] cloud-init[1061]: SHA256:xY+WRs26XnSlss6QcC9SjKWv1h6JoQW6WFaGpcl4fgg root@ubuntu-xenial
[   14.468657] cloud-init[1061]: The key's randomart image is:
[   14.468704] cloud-init[1061]: +--[ED25519 256]--+
[   14.468750] cloud-init[1061]: |      .          |
[   14.468797] cloud-init[1061]: |   o =   . o     |
[   14.468842] cloud-init[1061]: |  E * +   = o   .|
[   14.468890] cloud-init[1061]: |   + = . B =   o |
[   14.468935] cloud-init[1061]: |    * . S X + o  |
[   14.468979] cloud-init[1061]: |   + o o X * +   |
[   14.469026] cloud-init[1061]: |  . . . o.O +    |
[   14.469076] cloud-init[1061]: |        .+.B     |
[   14.469478] cloud-init[1061]: |       ...o o    |
[   14.469512] cloud-init[1061]: +----[SHA256]-----+
Listening on LXD - unix socket.
[[0;32m  OK  [0m] Listening on Socket activation for snappy daemon.
[[0;32m  OK  [0m] Started iSCSI initiator daemon (iscsid).
         Starting Login to default iSCSI targets...
[[0;32m  OK  [0m] Reached target Sockets.
[[0;32m  OK  [0m] Reached target Basic System.
         Starting LXD - container startup/shutdown...
         Starting Login Service...
         Starting /etc/rc.local Compatibility...
[[0;32m  OK  [0m] Started Regular background program processing daemon.
         Starting System Logging Service...
         Starting LSB: MD monitoring daemon...
         Starting Pollinate to seed the pseudo random number generator...
[[0;32m  OK  [0m] Started Deferred execution scheduler.
[[0;32m  OK  [0m] Started D-Bus System Message Bus.
         Starting LSB: Record successful boot for GRUB...
         Starting Apply the settings specified in cloud-config...
[[0;32m  OK  [0m] Started FUSE filesystem for LXC.
[[0;32m  OK  [0m] Started Snappy daemon.
         Starting Auto import assertions from block devices...
         Starting Accounts Service...
[[0;32m  OK  [0m] Started ACPI event daemon.
[[0;32m  OK  [0m] Started System Logging Service.
[[0;32m  OK  [0m] Started /etc/rc.local Compatibility.
[[0;32m  OK  [0m] Started LXD - container startup/shutdown.
[[0;32m  OK  [0m] Started Auto import assertions from block devices.
[[0;32m  OK  [0m] Started Login to default iSCSI targets.
[[0;32m  OK  [0m] Started LSB: MD monitoring daemon.
[[0;32m  OK  [0m] Started LSB: Record successful boot for GRUB.
[[0;32m  OK  [0m] Started Login Service.
         Starting Authenticate and Authorize Users to Run Privileged Tasks...
[[0;32m  OK  [0m] Reached target Remote File Systems (Pre).
[[0;32m  OK  [0m] Reached target Remote File Systems.
         Starting Permit User Sessions...
         Starting LSB: automatic crash report generation...
         Starting LSB: VirtualBox Linux Additions...
         Starting LSB: daemon to balance interrupts for SMP systems...
         Starting LSB: Set the CPU Frequency Scaling governor to "ondemand"...
[[0;32m  OK  [0m] Started Authenticate and Authorize Users to Run Privileged Tasks.
[[0;32m  OK  [0m] Started Accounts Service.
[[0;32m  OK  [0m] Started Permit User Sessions.
         Starting Hold until boot process finishes up...
         Starting Terminate Plymouth Boot Screen...
[[0;32m  OK  [0m] Started Hold until boot process finishes up.
[[0;32m  OK  [0m] Started LSB: automatic crash report generation.
[[0;32m  OK  [0m] Started LSB: daemon to balance interrupts for SMP systems.
[[0;32m  OK  [0m] Started Terminate Plymouth Boot Screen.
[[0;32m  OK  [0m] Started LSB: Set the CPU Frequency Scaling governor to "ondemand".
[[0;32m  OK  [0m] Started Serial Getty on ttyS0.
[[0;32m  OK  [0m] Started Getty on tty1.
[[0;32m  OK  [0m] Reached target Login Prompts.
         Starting Set console scheme...
[[0;32m  OK  [0m] Started Set console scheme.
[[0;32m  OK  [0m] Started LSB: VirtualBox Linux Additions.
[   15.759951] cloud-init[1220]: Generating locales (this might take a while)...
[   17.069609] cloud-init[1220]:   en_US.UTF-8... done
[   17.084403] cloud-init[1220]: Generation complete.
[[0;32m  OK  [0m] Stopped OpenBSD Secure Shell server.
         Starting OpenBSD Secure Shell server...
[[0;32m  OK  [0m] Started OpenBSD Secure Shell server.
[   17.445985] cloud-init[1220]: Cloud-init v. 0.7.9 running 'modules:config' at Sun, 04 Jun 2017 17:02:50 +0000. Up 15.66 seconds.
[[0;32m  OK  [0m] Started Apply the settings specified in cloud-config.
[[0;32m  OK  [0m] Started Pollinate to seed the pseudo random number generator.
[[0;32m  OK  [0m] Reached target Multi-User System.
[[0;32m  OK  [0m] Reached target Graphical Interface.
         Starting Update UTMP about System Runlevel Changes...
         Starting Execute cloud user/final scripts...
[[0;32m  OK  [0m] Started Update UTMP about System Runlevel Changes.
ci-info: no authorized ssh keys fingerprints found for user ubuntu.
<14>Jun  4 17:02:54 ec2: 
<14>Jun  4 17:02:54 ec2: #############################################################
<14>Jun  4 17:02:54 ec2: -----BEGIN SSH HOST KEY FINGERPRINTS-----
<14>Jun  4 17:02:54 ec2: 1024 SHA256:KTGJCKVcf3WXOPI0af8ipkg/RkM3CAzTKDZ3FQQGE+c root@ubuntu-xenial (DSA)
<14>Jun  4 17:02:54 ec2: 256 SHA256:VvPWJ6yLGo3oz5egxlbAgNvbTmd9C7IrXk2lDjYrVns root@ubuntu-xenial (ECDSA)
<14>Jun  4 17:02:54 ec2: 256 SHA256:xY+WRs26XnSlss6QcC9SjKWv1h6JoQW6WFaGpcl4fgg root@ubuntu-xenial (ED25519)
<14>Jun  4 17:02:54 ec2: 2048 SHA256:97uWxpuaxtAR3Jo29LksAwXD5TWVPt6BIy7EgtHWWso root@ubuntu-xenial (RSA)
<14>Jun  4 17:02:54 ec2: -----END SSH HOST KEY FINGERPRINTS-----
<14>Jun  4 17:02:54 ec2: #############################################################
-----BEGIN SSH HOST KEY KEYS-----
ecdsa-sha2-nistp256 AAAAE2VjZHNhLXNoYTItbmlzdHAyNTYAAAAIbmlzdHAyNTYAAABBBPv2O3WJGs7fPflmKy4OXQvlTKCrS82zx3aSLqls75bjFCpP7v/GcdQ92oiRV1nigZaJtY4n7nCBWfooKV5jQf8= root@ubuntu-xenial
ssh-ed25519 AAAAC3NzaC1lZDI1NTE5AAAAIJgD/5sPYzn3zOSXpy8O+vs47L4kZZ3xPeL3N15j65cf root@ubuntu-xenial
ssh-rsa AAAAB3NzaC1yc2EAAAADAQABAAABAQCqMAxwttuG4t7ET1AnILDFJ9U2Fn7MTmi5zttxg07QeI171PzxymT87bw0Q4IJH/OASqGuLiGEhOzq31f/zRPcYh01aq/zhJaEbT5t68MNs2NyZ1jxErGAvuJ9KdCHPufdXKvrjmHT7Dlk8TsWn886EQFQvh37+F2TLylDy7dhIQkXWFDvEpF8py2YCNnvz6FU5/wRgmifU11r3i/ECc4d1FE70o/xcO4J93AD9myIjRZcI4vocxwtgcVtOwaCi8W+nZpfUzrDI4dfS7XqICCQxmrk79J4Isd6nhAtDaQ6wvIoM46jY9ePrDQQKCEb+ToxngMB2vMfNa5zq8nZLUq7 root@ubuntu-xenial
-----END SSH HOST KEY KEYS-----
[   19.713904] cloud-init[1440]: Cloud-init v. 0.7.9 running 'modules:final' at Sun, 04 Jun 2017 17:02:54 +0000. Up 19.38 seconds.
[   19.744554] cloud-init[1440]: ci-info: no authorized ssh keys fingerprints found for user ubuntu.
[   19.746591] cloud-init[1440]: Cloud-init v. 0.7.9 finished at Sun, 04 Jun 2017 17:02:54 +0000. Datasource DataSourceNoCloud [seed=/dev/sdb][dsmode=net].  Up 19.70 seconds
[[0;32m  OK  [0m] Started Execute cloud user/final scripts.
[[0;32m  OK  [0m] Reached target Cloud-init target.

Ubuntu 16.04.2 LTS ubuntu-xenial ttyS0

ubuntu-xenial login: 